TN:
SF:src/contracts/FeeCollector.sol
FN:85,FeeCollector.deposit
FNDA:3883,FeeCollector.deposit
DA:86,3883
FN:95,FeeCollector.deposit
FNDA:7843,FeeCollector.deposit
DA:97,11726
DA:100,11726
BRDA:100,0,0,2
BRDA:100,0,1,11724
DA:104,11724
BRDA:104,1,0,512
BRDA:104,1,1,11724
DA:105,512
DA:106,512
DA:107,512
DA:108,512
DA:113,11724
BRDA:113,2,0,9635
BRDA:113,2,1,2089
DA:114,9635
DA:115,9635
DA:116,9635
DA:120,2089
DA:124,2089
BRDA:124,3,0,1838
BRDA:124,3,1,2089
DA:125,1838
DA:126,1838
DA:129,2089
BRDA:129,4,0,1572
BRDA:129,4,1,2089
DA:130,1572
DA:131,1572
FN:142,FeeCollector.distribute
FNDA:1025,FeeCollector.distribute
DA:144,1025
DA:147,1025
BRDA:147,5,0,257
BRDA:147,5,1,768
DA:148,257
DA:152,768
DA:157,768
DA:161,768
DA:165,768
DA:169,768
BRDA:169,6,0,256
BRDA:169,6,1,768
DA:170,256
DA:173,768
FN:186,FeeCollector.lockAcquired
FNDA:768,FeeCollector.lockAcquired
DA:188,768
BRDA:188,7,0,256
BRDA:188,7,1,512
DA:191,512
DA:196,512
DA:201,512
BRDA:201,8,0,-
BRDA:201,8,1,512
DA:202,512
DA:206,512
FN:216,FeeCollector.claim
FNDA:513,FeeCollector.claim
DA:218,513
BRDA:218,9,0,256
BRDA:218,9,1,257
DA:221,257
DA:222,257
BRDA:222,10,0,-
BRDA:222,10,1,257
DA:224,257
DA:227,257
FN:234,FeeCollector.feeSplit
FNDA:1575,FeeCollector.feeSplit
DA:235,3664
DA:236,3664
DA:241,3664
BRDA:241,11,0,2925
BRDA:241,11,1,3664
DA:242,2925
FN:252,FeeCollector.setBeneficiary
FNDA:2051,FeeCollector.setBeneficiary
DA:253,1795
DA:254,1795
FN:264,FeeCollector.setBeneficiaryRoyalty
FNDA:2306,FeeCollector.setBeneficiaryRoyalty
DA:266,2050
BRDA:266,12,0,256
BRDA:266,12,1,1794
DA:268,1794
DA:269,1794
FN:275,FeeCollector.setMarketplaceFee
FNDA:768,FeeCollector.setMarketplaceFee
DA:276,512
DA:277,512
FN:289,FeeCollector.setDonateThresholds
FNDA:1024,FeeCollector.setDonateThresholds
DA:290,768
BRDA:290,13,0,256
BRDA:290,13,1,512
DA:291,512
DA:292,512
DA:293,512
FN:299,FeeCollector.setFillListingRebate
FNDA:1025,FeeCollector.setFillListingRebate
DA:300,769
BRDA:300,14,0,256
BRDA:300,14,1,513
DA:301,513
DA:302,513
FN:312,FeeCollector.rescue
FNDA:512,FeeCollector.rescue
DA:313,256
DA:314,256
BRDA:314,15,0,-
BRDA:314,15,1,256
DA:315,256
FNF:12
FNH:12
LF:61
LH:61
BRF:32
BRH:29
end_of_record
TN:
SF:src/contracts/ListingToken.sol
FN:31,ListingToken.initialize
FNDA:6663,ListingToken.initialize
DA:33,6663
DA:34,6663
DA:37,6663
DA:40,6663
DA:44,6663
FN:53,ListingToken.mint
FNDA:5384,ListingToken.mint
DA:54,5128
FN:62,ListingToken.setMetadata
FNDA:512,ListingToken.setMetadata
DA:63,256
DA:64,256
FN:70,ListingToken.name
FNDA:768,ListingToken.name
DA:71,768
FN:78,ListingToken.symbol
FNDA:768,ListingToken.symbol
DA:79,768
FN:85,ListingToken.totalSupply
FNDA:1024,ListingToken.totalSupply
DA:86,1024
FNF:6
FNH:6
LF:11
LH:11
BRF:0
BRH:0
end_of_record
TN:
SF:src/contracts/Listings.sol
FN:124,Listings.createListing
FNDA:92085,Listings.createListing
DA:133,92085
BRDA:133,0,0,256
BRDA:133,0,1,91829
DA:136,91829
BRDA:136,1,0,256
BRDA:136,1,1,91573
DA:139,91573
BRDA:139,2,0,-
BRDA:139,2,1,91573
DA:142,91573
DA:145,91573
BRDA:145,3,0,-
BRDA:145,3,1,1536
DA:146,1536
DA:155,1536
BRDA:155,4,0,-
BRDA:155,4,1,1536
DA:157,1536
DA:158,90037
BRDA:158,5,0,-
BRDA:158,5,1,1280
DA:162,1280
BRDA:162,6,0,-
BRDA:162,6,1,1280
DA:164,1280
DA:172,1280
DA:173,88757
BRDA:173,7,0,-
BRDA:173,7,1,87989
DA:177,88757
BRDA:177,8,0,256
BRDA:177,8,1,88501
DA:180,88501
BRDA:180,9,0,512
BRDA:180,9,1,87989
DA:182,87989
DA:190,87989
DA:194,90805
DA:195,90805
DA:198,90805
DA:199,90805
DA:203,90293
BRDA:203,10,0,256
BRDA:203,10,1,90037
DA:205,90293
BRDA:205,11,0,256
BRDA:205,11,1,90037
DA:206,256
DA:209,90037
DA:212,90037
DA:215,90037
BRDA:215,12,0,-
BRDA:215,12,1,90037
DA:217,90037
DA:218,90037
BRDA:218,13,0,-
BRDA:218,13,1,90037
DA:222,90037
DA:225,90037
FN:248,Listings.calculateTax
FNDA:1799,Listings.calculateTax
DA:250,98655
DA:254,98655
FN:265,Listings.calculateProtectedTax
FNDA:22,Listings.calculateProtectedTax
DA:268,1814
DA:271,1814
DA:274,1814
DA:275,1814
BRDA:275,14,0,1552
BRDA:275,14,1,262
DA:277,1552
DA:283,262
DA:287,1814
DA:288,1814
FN:295,Listings.extendListing
FNDA:8868,Listings.extendListing
DA:297,8868
BRDA:297,15,0,-
BRDA:297,15,1,8868
DA:301,8868
DA:304,8868
BRDA:304,16,0,256
BRDA:304,16,1,8612
DA:308,8612
BRDA:308,17,0,315
BRDA:308,17,1,8297
DA:309,315
DA:313,8297
DA:316,8297
DA:317,8297
DA:319,8297
BRDA:319,18,0,104
BRDA:319,18,1,256
DA:321,360
BRDA:321,19,0,104
BRDA:321,19,1,256
DA:322,256
DA:323,7937
BRDA:323,20,0,94
BRDA:323,20,1,7587
DA:325,7681
BRDA:325,21,0,94
BRDA:325,21,1,7587
DA:326,7587
DA:329,256
DA:333,7843
BRDA:333,22,0,256
BRDA:333,22,1,7587
DA:334,256
DA:339,7587
BRDA:339,23,0,7075
BRDA:339,23,1,7587
DA:340,7075
DA:344,7587
DA:347,7587
DA:350,7587
DA:353,7587
BRDA:353,24,0,-
BRDA:353,24,1,7587
DA:354,7587
DA:355,7587
BRDA:355,25,0,-
BRDA:355,25,1,7587
FN:367,Listings.utilizationRate
FNDA:2306,Listings.utilizationRate
DA:369,2306
DA:373,2306
BRDA:373,26,0,258
BRDA:373,26,1,258
DA:375,258
DA:376,258
BRDA:376,27,0,258
BRDA:376,27,1,258
DA:377,258
FN:386,Listings.cancelListing
FNDA:1793,Listings.cancelListing
DA:388,1793
DA:391,1793
BRDA:391,28,0,257
BRDA:391,28,1,1536
DA:394,1536
BRDA:394,29,0,256
BRDA:394,29,1,1280
DA:397,1280
BRDA:397,30,0,256
BRDA:397,30,1,1024
DA:401,1024
DA:404,768
DA:408,768
DA:411,768
DA:414,768
DA:416,768
FN:431,Listings.fillListings
FNDA:1792,Listings.fillListings
DA:433,1792
DA:434,1792
BRDA:434,31,0,-
BRDA:434,31,1,1792
DA:437,1792
DA:438,1792
DA:439,1792
DA:440,1792
DA:441,1792
DA:442,1792
DA:443,1792
DA:444,1792
DA:445,1792
DA:448,1792
DA:451,1792
DA:452,1792
DA:455,1792
DA:458,83887
DA:461,83887
DA:464,83887
BRDA:464,32,0,-
BRDA:464,32,1,83887
DA:467,83887
DA:470,83887
BRDA:470,33,0,1792
BRDA:470,33,1,83887
DA:471,1792
DA:475,83887
BRDA:475,34,0,-
BRDA:475,34,1,83887
DA:478,83887
DA:481,83887
DA:485,83887
DA:488,83887
DA:491,83887
DA:493,83887
DA:497,1792
DA:498,1792
BRDA:498,35,0,1280
BRDA:498,35,1,1792
DA:499,1280
DA:503,1792
DA:506,1792
DA:507,1792
DA:513,1792
DA:516,1536
FN:528,Listings.getListingPrice
FNDA:4352,Listings.getListingPrice
DA:531,88239
BRDA:531,36,0,87983
BRDA:531,36,1,88239
DA:532,88239
DA:536,87983
DA:540,87983
BRDA:540,37,0,512
BRDA:540,37,1,87471
DA:541,512
DA:544,87471
DA:547,87471
DA:548,87471
BRDA:548,38,0,768
BRDA:548,38,1,2304
DA:550,3072
DA:554,3072
DA:557,3072
BRDA:557,39,0,768
BRDA:557,39,1,2304
DA:558,768
DA:563,2304
DA:567,84399
BRDA:567,40,0,512
BRDA:567,40,1,83887
DA:568,512
DA:572,83887
FN:582,Listings._resolveListingTax
FNDA:91730,Listings._resolveListingTax
DA:584,91730
DA:587,91730
DA:591,91730
DA:592,91730
BRDA:592,41,0,91218
BRDA:592,41,1,91730
DA:593,91218
DA:597,91730
BRDA:597,42,0,-
BRDA:597,42,1,7843
DA:598,7843
DA:607,91730
BRDA:607,43,0,91218
BRDA:607,43,1,91730
DA:608,91218
DA:612,91730
FN:618,Listings.onERC721Received
FNDA:256,Listings.onERC721Received
DA:619,256
FNF:10
FNH:10
LF:144
LH:144
BRF:88
BRH:73
end_of_record
TN:
SF:src/contracts/Locker.sol
FN:115,Locker.deposit
FNDA:31053,Locker.deposit
DA:116,31053
FN:127,Locker.deposit
FNDA:90805,Locker.deposit
DA:132,121600
DA:133,121600
BRDA:133,0,0,1
BRDA:133,0,1,121599
DA:136,121599
DA:138,406794
DA:142,121087
DA:144,121087
FN:153,Locker.redeem
FNDA:1280,Locker.redeem
DA:154,1024
DA:155,1024
BRDA:155,1,0,-
BRDA:155,1,1,1024
DA:158,1024
DA:160,768
DA:162,13365
BRDA:162,2,0,256
BRDA:162,2,1,13109
DA:165,13109
DA:168,256
FN:176,Locker.swap
FNDA:1792,Locker.swap
DA:178,1280
BRDA:178,3,0,256
BRDA:178,3,1,1024
DA:181,1024
BRDA:181,4,0,256
BRDA:181,4,1,768
DA:184,768
DA:187,512
DA:189,256
FN:199,Locker.swapBatch
FNDA:1792,Locker.swapBatch
DA:200,1280
DA:201,1280
DA:202,1280
BRDA:202,5,0,256
BRDA:202,5,1,1024
DA:204,1024
DA:206,28700
BRDA:206,6,0,256
BRDA:206,6,1,28444
DA:209,28444
DA:212,28188
DA:215,256
FN:221,Locker.createCollection
FNDA:4361,Locker.createCollection
DA:228,4105
BRDA:228,7,0,1
BRDA:228,7,1,4104
DA:231,4104
BRDA:231,8,0,1
BRDA:231,8,1,4103
DA:235,4103
DA:240,4103
DA:243,4103
DA:252,4103
DA:255,3847
BRDA:255,9,0,-
BRDA:255,9,1,3847
DA:256,3847
DA:257,3847
DA:258,3847
DA:262,3847
DA:265,3847
DA:267,3847
DA:269,3847
FN:275,Locker.getCollectionTokenValue
FNDA:100474,Locker.getCollectionTokenValue
DA:276,100474
DA:279,100474
DA:282,100474
DA:283,100474
DA:287,100474
DA:288,100474
BRDA:288,10,0,-
BRDA:288,10,1,-
DA:291,1
DA:292,1
DA:300,0
BRDA:300,11,0,-
BRDA:300,11,1,-
DA:301,0
DA:305,0
DA:306,0
DA:309,0
DA:310,0
BRDA:310,12,0,-
BRDA:310,12,1,-
DA:311,0
DA:316,100473
DA:319,100473
DA:322,100473
DA:324,100473
FN:330,Locker._decodeSqrtPriceX96
FNDA:100473,Locker._decodeSqrtPriceX96
DA:331,100473
DA:333,100473
BRDA:333,13,0,-
BRDA:333,13,1,100473
DA:334,100473
DA:336,100473
BRDA:336,14,0,-
BRDA:336,14,1,100473
DA:337,100473
BRDA:337,15,0,-
BRDA:337,15,1,100473
FN:343,Locker.getCollectionPoolKey
FNDA:7,Locker.getCollectionPoolKey
DA:344,100481
FN:350,Locker.getCollectionPoolId
FNDA:8100,Locker.getCollectionPoolId
DA:351,8100
FN:365,Locker.setManager
FNDA:2562,Locker.setManager
DA:367,2306
BRDA:367,16,0,2
BRDA:367,16,1,2304
DA:370,2304
BRDA:370,17,0,512
BRDA:370,17,1,1792
DA:373,1792
DA:374,1792
FN:387,Locker.setApprovalForAll
FNDA:1280,Locker.setApprovalForAll
DA:389,4871
BRDA:389,18,0,256
BRDA:389,18,1,4615
DA:392,4615
DA:393,83875
DA:396,4615
FN:404,Locker.isManager
FNDA:768,Locker.isManager
DA:405,768
FN:412,Locker.isListing
FNDA:768,Locker.isListing
DA:413,43857
DA:414,43857
FN:420,Locker.setListingsContract
FNDA:769,Locker.setListingsContract
DA:421,257
BRDA:421,19,0,1
BRDA:421,19,1,256
DA:422,256
DA:423,256
FN:429,Locker.setSwapContract
FNDA:513,Locker.setSwapContract
DA:430,257
BRDA:430,20,0,1
BRDA:430,20,1,256
DA:431,256
DA:432,256
FN:439,Locker.pause
FNDA:258,Locker.pause
DA:440,258
BRDA:440,21,0,257
BRDA:440,21,1,1
DA:441,257
DA:443,1
FN:450,Locker._distributeCollectionToken
FNDA:121087,Locker._distributeCollectionToken
DA:452,121087
BRDA:452,22,0,-
BRDA:452,22,1,1
DA:453,1
DA:457,121087
FN:474,Locker.onERC721Received
FNDA:435494,Locker.onERC721Received
DA:475,435494
BRDA:475,23,0,256
BRDA:475,23,1,435238
DA:476,435238
FNF:19
FNH:19
LF:92
LH:85
BRF:48
BRH:36
end_of_record
TN:
SF:src/contracts/LockerHooks.sol
FN:60,LockerHooks.getObservation
FNDA:5,LockerHooks.getObservation
DA:65,5
FN:69,LockerHooks.getState
FNDA:5,LockerHooks.getState
DA:70,5
FN:74,LockerHooks._blockTimestamp
FNDA:105101,LockerHooks._blockTimestamp
DA:75,105101
FN:79,LockerHooks.getHooksCalls
FNDA:1,LockerHooks.getHooksCalls
DA:80,1
FN:92,LockerHooks.afterInitialize
FNDA:3847,LockerHooks.afterInitialize
DA:98,3847
DA:99,3847
DA:101,3847
FN:104,LockerHooks.beforeModifyPosition
FNDA:1031,LockerHooks.beforeModifyPosition
DA:110,1031
BRDA:110,0,0,256
BRDA:110,0,1,775
DA:111,256
DA:114,775
DA:116,775
FN:119,LockerHooks.beforeSwap
FNDA:4,LockerHooks.beforeSwap
DA:125,4
DA:126,4
FN:130,LockerHooks.observe
FNDA:100475,LockerHooks.observe
DA:135,100475
DA:136,100475
DA:138,100475
DA:139,100475
DA:141,100475
FN:145,LockerHooks.increaseCardinalityNext
FNDA:1,LockerHooks.increaseCardinalityNext
DA:149,1
DA:150,1
DA:152,1
DA:153,1
DA:154,1
FN:158,LockerHooks._updatePool
FNDA:779,LockerHooks._updatePool
DA:159,779
DA:160,779
DA:161,779
DA:163,779
FNF:10
FNH:10
LF:27
LH:27
BRF:2
BRH:2
end_of_record
TN:
SF:src/contracts/TokenEscrow.sol
FN:37,TokenEscrow._deposit
FNDA:92498,TokenEscrow._deposit
DA:38,92498
BRDA:38,0,0,-
BRDA:38,0,1,92498
DA:41,92498
BRDA:41,1,0,91218
BRDA:41,1,1,1280
DA:42,91218
DA:46,1280
BRDA:46,2,0,-
BRDA:46,2,1,1280
DA:47,1280
DA:50,92498
FN:56,TokenEscrow.withdraw
FNDA:0,TokenEscrow.withdraw
DA:57,0
FN:63,TokenEscrow.withdrawWithRole
FNDA:0,TokenEscrow.withdrawWithRole
DA:64,0
FN:70,TokenEscrow._withdraw
FNDA:0,TokenEscrow._withdraw
DA:72,0
DA:75,0
BRDA:75,3,0,-
BRDA:75,3,1,-
DA:78,0
DA:81,0
BRDA:81,4,0,-
BRDA:81,4,1,-
DA:83,0
DA:84,0
BRDA:84,5,0,-
BRDA:84,5,1,-
DA:87,0
BRDA:87,6,0,-
BRDA:87,6,1,-
DA:90,0
FN:96,TokenEscrow.grantWithdrawRole
FNDA:0,TokenEscrow.grantWithdrawRole
DA:97,0
FN:103,TokenEscrow.revokeWithdrawRole
FNDA:0,TokenEscrow.revokeWithdrawRole
DA:104,0
FNF:6
FNH:1
LF:18
LH:6
BRF:14
BRH:4
end_of_record
TN:
SF:src/contracts/lib/TruncatedOracle.sol
FN:49,TruncatedOracle.transform
FNDA:0,TruncatedOracle.transform
DA:55,0
DA:59,0
BRDA:59,0,0,-
BRDA:59,0,1,-
DA:60,0
DA:61,0
BRDA:61,1,0,-
BRDA:61,1,1,-
DA:62,0
DA:65,0
FN:81,TruncatedOracle.initialize
FNDA:0,TruncatedOracle.initialize
DA:85,0
DA:92,0
FN:108,TruncatedOracle.write
FNDA:0,TruncatedOracle.write
DA:118,0
DA:121,0
BRDA:121,2,0,-
BRDA:121,2,1,-
DA:124,0
BRDA:124,3,0,-
BRDA:124,3,1,-
DA:125,0
DA:127,0
DA:130,0
DA:131,0
FN:140,TruncatedOracle.grow
FNDA:0,TruncatedOracle.grow
DA:142,0
BRDA:142,4,0,-
BRDA:142,4,1,-
DA:144,0
BRDA:144,5,0,-
BRDA:144,5,1,-
DA:147,0
DA:148,0
DA:150,0
FN:160,TruncatedOracle.lte
FNDA:0,TruncatedOracle.lte
DA:163,0
BRDA:163,6,0,-
BRDA:163,6,1,-
DA:165,0
DA:166,0
DA:168,0
FN:183,TruncatedOracle.binarySearch
FNDA:0,TruncatedOracle.binarySearch
DA:189,0
DA:190,0
DA:191,0
DA:193,0
DA:195,0
DA:198,0
BRDA:198,7,0,-
BRDA:198,7,1,-
DA:199,0
DA:200,0
DA:203,0
DA:205,0
DA:208,0
BRDA:208,8,0,-
BRDA:208,8,1,-
DA:210,0
BRDA:210,9,0,-
BRDA:210,9,1,-
DA:211,0
FN:228,TruncatedOracle.getSurroundingObservations
FNDA:0,TruncatedOracle.getSurroundingObservations
DA:239,0
DA:242,0
BRDA:242,10,0,-
BRDA:242,10,1,-
DA:243,0
BRDA:243,11,0,-
BRDA:243,11,1,-
DA:245,0
DA:248,0
DA:253,0
DA:254,0
BRDA:254,12,0,-
BRDA:254,12,1,-
DA:257,0
BRDA:257,13,0,-
BRDA:257,13,1,-
DA:258,0
DA:262,0
FN:279,TruncatedOracle.observeSingle
FNDA:0,TruncatedOracle.observeSingle
DA:289,0
BRDA:289,14,0,-
BRDA:289,14,1,-
DA:290,0
DA:291,0
BRDA:291,15,0,-
BRDA:291,15,1,-
DA:292,0
DA:295,0
DA:297,0
DA:298,0
DA:300,0
BRDA:300,16,0,-
BRDA:300,16,1,-
DA:302,0
DA:303,0
BRDA:303,17,0,-
BRDA:303,17,1,-
DA:305,0
DA:308,0
DA:309,0
DA:310,0
FN:339,TruncatedOracle.observe
FNDA:0,TruncatedOracle.observe
DA:349,0
BRDA:349,18,0,-
BRDA:349,18,1,-
DA:351,0
DA:352,0
DA:353,0
DA:354,0
FNF:9
FNH:0
LF:66
LH:0
BRF:38
BRH:0
end_of_record
TN:
SF:src/contracts/zaps/SwapListingTokenForEth.sol
FN:39,SwapListingTokenForEth.swap
FNDA:0,SwapListingTokenForEth.swap
DA:41,0
DA:44,0
DA:51,0
DA:57,0
BRDA:57,0,0,-
BRDA:57,0,1,-
DA:61,0
DA:62,0
BRDA:62,1,0,-
BRDA:62,1,1,-
DA:68,0
DA:69,0
BRDA:69,2,0,-
BRDA:69,2,1,-
DA:70,0
DA:74,0
DA:75,0
BRDA:75,3,0,-
BRDA:75,3,1,-
FN:78,SwapListingTokenForEth.lockAcquired
FNDA:0,SwapListingTokenForEth.lockAcquired
DA:80,0
BRDA:80,4,0,-
BRDA:80,4,1,-
DA:83,0
DA:86,0
DA:89,0
BRDA:89,5,0,-
BRDA:89,5,1,-
DA:90,0
DA:94,0
BRDA:94,6,0,-
BRDA:94,6,1,-
DA:95,0
DA:98,0
DA:101,0
FNF:2
FNH:0
LF:20
LH:0
BRF:14
BRH:0
end_of_record
TN:
SF:test/lib/FlayerTest.sol
FN:99,FlayerTest._deployPlatform
FNDA:0,FlayerTest._deployPlatform
DA:101,0
DA:104,0
DA:105,0
DA:106,0
DA:109,0
DA:112,0
DA:115,0
DA:119,0
DA:120,0
DA:121,0
BRDA:121,0,0,-
BRDA:121,0,1,-
DA:122,0
DA:123,0
DA:124,0
DA:129,0
DA:132,0
DA:135,0
DA:138,0
DA:139,0
FN:145,FlayerTest._addLiquidityToPool
FNDA:0,FlayerTest._addLiquidityToPool
DA:147,0
DA:150,0
DA:151,0
DA:153,0
DA:156,0
DA:173,0
BRDA:173,1,0,-
BRDA:173,1,1,-
DA:174,0
FN:178,FlayerTest._removeLiquidityFromPool
FNDA:0,FlayerTest._removeLiquidityFromPool
DA:180,0
DA:183,0
DA:200,0
BRDA:200,2,0,-
BRDA:200,2,1,-
DA:201,0
FN:229,FlayerTest._getNextUserAddress
FNDA:0,FlayerTest._getNextUserAddress
DA:231,0
DA:232,0
DA:233,0
FN:236,FlayerTest._assumeValidAddress
FNDA:0,FlayerTest._assumeValidAddress
DA:238,0
DA:241,0
DA:242,0
DA:243,0
DA:244,0
DA:245,0
DA:246,0
DA:247,0
DA:248,0
DA:249,0
DA:250,0
DA:251,0
DA:252,0
DA:253,0
DA:256,0
DA:260,0
FN:263,FlayerTest._assumeRealisticFloorMultiple
FNDA:0,FlayerTest._assumeRealisticFloorMultiple
DA:264,0
DA:265,0
FNF:6
FNH:0
LF:50
LH:0
BRF:6
BRH:0
end_of_record
TN:
SF:test/mocks/ERC20Mock.sol
FN:11,ERC20Mock.mint
FNDA:0,ERC20Mock.mint
DA:12,0
FN:15,ERC20Mock.burn
FNDA:0,ERC20Mock.burn
DA:16,0
FN:19,ERC20Mock.burnFrom
FNDA:0,ERC20Mock.burnFrom
DA:20,0
FN:23,ERC20Mock.decimals
FNDA:0,ERC20Mock.decimals
DA:24,0
FN:31,ERC20Mock.setDecimals
FNDA:0,ERC20Mock.setDecimals
DA:32,0
FNF:5
FNH:0
LF:5
LH:0
BRF:0
BRH:0
end_of_record
TN:
SF:test/mocks/ERC721Mock.sol
FN:9,ERC721Mock.mint
FNDA:696924,ERC721Mock.mint
DA:10,696924
FN:13,ERC721Mock.burn
FNDA:0,ERC721Mock.burn
DA:14,0
FNF:2
FNH:1
LF:2
LH:1
BRF:0
BRH:0
end_of_record
TN:
SF:test/utils/DeploymentFactory.sol
FN:10,DeploymentFactory.deploy
FNDA:0,DeploymentFactory.deploy
DA:13,0
DA:16,0
DA:18,0
FN:22,DeploymentFactory.getBytecode
FNDA:0,DeploymentFactory.getBytecode
DA:23,0
DA:24,0
FN:30,DeploymentFactory.getAddress
FNDA:0,DeploymentFactory.getAddress
DA:32,0
DA:42,0
FNF:3
FNH:0
LF:7
LH:0
BRF:0
BRH:0
end_of_record
